1.527999999999999936e+01
1.492999999999999972e+01
1.525000000000000000e+01
1.276999999999999957e+01
1.317999999999999972e+01
1.600000000000000000e+01
1.323000000000000043e+01
1.533999999999999986e+01
1.255000000000000071e+01
1.308000000000000007e+01
1.227999999999999936e+01
1.291000000000000014e+01
1.710999999999999943e+01
1.158999999999999986e+01
1.277999999999999936e+01
1.336999999999999922e+01
1.762000000000000099e+01
1.792000000000000171e+01
1.593999999999999950e+01
1.305000000000000071e+01
1.330000000000000071e+01
1.728999999999999915e+01
1.612000000000000099e+01
1.492999999999999972e+01
1.346000000000000085e+01
1.141000000000000014e+01
1.342999999999999972e+01
1.323000000000000043e+01
1.131000000000000050e+01
1.335999999999999943e+01
1.463000000000000078e+01
1.308000000000000007e+01
1.440000000000000036e+01
1.244999999999999929e+01
1.493999999999999950e+01
1.340000000000000036e+01
1.748000000000000043e+01
1.266999999999999993e+01
1.251999999999999957e+01
1.767999999999999972e+01
1.248000000000000043e+01
1.224000000000000021e+01
1.093999999999999950e+01
1.517999999999999972e+01
1.232000000000000028e+01
1.792000000000000171e+01
1.166999999999999993e+01
1.351999999999999957e+01
1.236999999999999922e+01
1.341000000000000014e+01
1.226999999999999957e+01
1.247000000000000064e+01
1.474000000000000021e+01
1.748999999999999844e+01
1.150000000000000000e+01
1.434999999999999964e+01
1.599000000000000021e+01
1.199000000000000021e+01
1.335999999999999943e+01
1.428999999999999915e+01
1.174000000000000021e+01
1.748000000000000043e+01
1.215000000000000036e+01
1.446000000000000085e+01
1.540000000000000036e+01
1.182000000000000028e+01
1.135999999999999943e+01
1.303999999999999915e+01
1.166000000000000014e+01
1.143999999999999950e+01
1.336999999999999922e+01
1.450999999999999979e+01
1.338000000000000078e+01
1.055000000000000071e+01
1.239000000000000057e+01
1.466000000000000014e+01
1.431000000000000050e+01
1.477999999999999936e+01
1.311999999999999922e+01
1.592999999999999972e+01
1.293999999999999950e+01
1.225000000000000000e+01
1.283000000000000007e+01
1.696999999999999886e+01
1.294999999999999929e+01
1.185999999999999943e+01
1.450999999999999979e+01
1.113000000000000078e+01
1.201999999999999957e+01
1.374000000000000021e+01
1.224000000000000021e+01
1.230000000000000071e+01
1.356000000000000050e+01
1.271000000000000085e+01
1.218999999999999950e+01
1.473000000000000043e+01
1.533000000000000007e+01
1.313000000000000078e+01
1.259999999999999964e+01
1.450999999999999979e+01
1.256000000000000050e+01
1.155000000000000071e+01
1.265000000000000036e+01
1.424000000000000021e+01
1.361999999999999922e+01
1.125999999999999979e+01
1.317999999999999972e+01
1.433000000000000007e+01
1.188000000000000078e+01
1.290000000000000036e+01
1.238000000000000078e+01
1.318999999999999950e+01
1.150000000000000000e+01
1.205000000000000071e+01
1.303999999999999915e+01
1.241000000000000014e+01
1.122000000000000064e+01
1.340000000000000036e+01
1.332000000000000028e+01
1.676000000000000156e+01
1.473000000000000043e+01
1.566000000000000014e+01
1.456000000000000050e+01
1.156000000000000050e+01
1.391000000000000014e+01
1.241000000000000014e+01
1.324000000000000021e+01
1.234999999999999964e+01
1.255000000000000071e+01
1.481000000000000050e+01
1.419999999999999929e+01
1.578999999999999915e+01
1.209999999999999964e+01
1.365000000000000036e+01
1.100999999999999979e+01
1.473000000000000043e+01
1.135999999999999943e+01
1.223000000000000043e+01
1.432000000000000028e+01
1.553999999999999915e+01
1.313000000000000078e+01
1.317999999999999972e+01
1.124000000000000021e+01
1.418999999999999950e+01
1.208000000000000007e+01
1.190000000000000036e+01
1.475999999999999979e+01
1.205000000000000071e+01
1.526999999999999957e+01
1.310999999999999943e+01
1.090000000000000036e+01
1.217999999999999972e+01
1.549000000000000021e+01
1.235999999999999943e+01
1.363000000000000078e+01
1.453999999999999915e+01
1.222000000000000064e+01
1.201999999999999957e+01
1.441999999999999993e+01
1.105000000000000071e+01
1.234999999999999964e+01
1.160999999999999943e+01
1.225999999999999979e+01
1.391999999999999993e+01
1.030000000000000071e+01
1.268999999999999950e+01
1.172000000000000064e+01
1.293999999999999950e+01
1.450999999999999979e+01
1.582000000000000028e+01
1.330000000000000071e+01
1.240000000000000036e+01
1.183000000000000007e+01
1.714000000000000057e+01
1.322000000000000064e+01
1.621999999999999886e+01
1.133000000000000007e+01
1.434999999999999964e+01
1.391999999999999993e+01
1.198000000000000043e+01
1.233000000000000007e+01
1.341999999999999993e+01
1.221000000000000085e+01
1.274000000000000021e+01
1.407000000000000028e+01
1.516000000000000014e+01
1.450999999999999979e+01
1.669999999999999929e+01
1.200000000000000000e+01
1.231000000000000050e+01
1.126999999999999957e+01
1.196000000000000085e+01
1.269999999999999929e+01
1.332000000000000028e+01
1.372000000000000064e+01
1.435999999999999943e+01
1.331000000000000050e+01
1.333000000000000007e+01
1.623999999999999844e+01
1.403999999999999915e+01
1.327999999999999936e+01
1.166000000000000014e+01
1.434999999999999964e+01
1.066999999999999993e+01
1.417999999999999972e+01
1.305000000000000071e+01
1.225999999999999979e+01
1.568999999999999950e+01
1.458999999999999986e+01
1.191999999999999993e+01
1.341999999999999993e+01
1.776000000000000156e+01
1.326999999999999957e+01
1.197000000000000064e+01
1.432000000000000028e+01
1.341000000000000014e+01
1.441000000000000014e+01
1.252999999999999936e+01
1.314000000000000057e+01
1.416000000000000014e+01
1.226999999999999957e+01
1.436999999999999922e+01
1.455000000000000071e+01
1.459999999999999964e+01
1.350999999999999979e+01
1.203999999999999915e+01
1.442999999999999972e+01
1.216999999999999993e+01
1.133999999999999986e+01
1.351999999999999957e+01
1.493999999999999950e+01
1.200999999999999979e+01
1.238000000000000078e+01
1.108000000000000007e+01
1.353999999999999915e+01
1.113000000000000078e+01
1.385999999999999943e+01
1.126999999999999957e+01
1.227999999999999936e+01
1.248000000000000043e+01
1.257000000000000028e+01
1.436999999999999922e+01
1.399000000000000021e+01
1.240000000000000036e+01
1.160999999999999943e+01
1.527999999999999936e+01
1.283999999999999986e+01
1.103999999999999915e+01
1.197000000000000064e+01
1.291999999999999993e+01
1.297000000000000064e+01
1.355000000000000071e+01
1.431000000000000050e+01
1.222000000000000064e+01
1.232000000000000028e+01
1.503999999999999915e+01
1.583000000000000007e+01
1.191999999999999993e+01
1.250000000000000000e+01
1.133000000000000007e+01
1.348000000000000043e+01
1.344999999999999929e+01
1.266000000000000014e+01
1.100000000000000000e+01
1.464000000000000057e+01
1.324000000000000021e+01
1.290000000000000036e+01
1.477999999999999936e+01
1.206000000000000050e+01
1.248000000000000043e+01
1.313000000000000078e+01
1.292999999999999972e+01
1.249000000000000021e+01
1.608999999999999986e+01
1.306000000000000050e+01
1.588000000000000078e+01
1.253999999999999915e+01
1.160999999999999943e+01
1.344999999999999929e+01
1.222000000000000064e+01
1.349000000000000021e+01
1.778000000000000114e+01
1.125999999999999979e+01
1.350999999999999979e+01
1.280000000000000071e+01
1.148000000000000043e+01
1.165000000000000036e+01
1.331000000000000050e+01
1.206000000000000050e+01
1.532000000000000028e+01
1.227999999999999936e+01
1.321000000000000085e+01
1.231000000000000050e+01
1.291999999999999993e+01
1.243999999999999950e+01
1.391999999999999993e+01
1.475999999999999979e+01
1.159999999999999964e+01
1.311999999999999922e+01
1.340000000000000036e+01
1.511999999999999922e+01
1.171000000000000085e+01
1.239000000000000057e+01
1.300000000000000000e+01
1.141999999999999993e+01
1.365000000000000036e+01
1.469999999999999929e+01
1.398000000000000043e+01
1.221000000000000085e+01
1.305000000000000071e+01
1.408999999999999986e+01
1.398000000000000043e+01
1.406000000000000050e+01
1.243999999999999950e+01
1.225000000000000000e+01
1.571000000000000085e+01
1.399000000000000021e+01
1.201999999999999957e+01
1.651000000000000156e+01
1.335999999999999943e+01
1.485999999999999943e+01
1.300999999999999979e+01
1.025999999999999979e+01
1.707999999999999829e+01
1.231000000000000050e+01
1.575000000000000000e+01
1.440000000000000036e+01
1.775000000000000000e+01
1.471000000000000085e+01
1.223000000000000043e+01
1.657000000000000028e+01
1.698000000000000043e+01
1.424000000000000021e+01
1.207000000000000028e+01
1.311999999999999922e+01
1.236999999999999922e+01
1.169999999999999929e+01
1.730000000000000071e+01
1.275000000000000000e+01
1.231000000000000050e+01
1.458999999999999986e+01
1.235999999999999943e+01
1.506000000000000050e+01
1.758999999999999986e+01
1.268999999999999950e+01
1.208000000000000007e+01
1.408000000000000007e+01
1.211999999999999922e+01
1.266000000000000014e+01
1.319999999999999929e+01
1.344999999999999929e+01
1.294999999999999929e+01
1.200999999999999979e+01
1.438000000000000078e+01
1.305000000000000071e+01
1.225999999999999979e+01
1.283999999999999986e+01
1.300999999999999979e+01
1.516000000000000014e+01
1.238000000000000078e+01
1.190000000000000036e+01
1.205000000000000071e+01
1.346000000000000085e+01
1.259999999999999964e+01
1.301999999999999957e+01
1.149000000000000021e+01
1.605000000000000071e+01
1.523000000000000043e+01
1.166000000000000014e+01
1.121000000000000085e+01
1.207000000000000028e+01
1.416000000000000014e+01
1.594999999999999929e+01
1.342999999999999972e+01
1.143999999999999950e+01
1.339000000000000057e+01
1.542999999999999972e+01
1.351999999999999957e+01
1.810000000000000142e+01
1.368999999999999950e+01
1.456000000000000050e+01
1.313000000000000078e+01
1.182000000000000028e+01
1.222000000000000064e+01
1.550000000000000000e+01
1.348000000000000043e+01
1.225000000000000000e+01
1.242999999999999972e+01
1.209999999999999964e+01
1.655000000000000071e+01
1.517999999999999972e+01
1.547000000000000064e+01
1.314000000000000057e+01
1.566999999999999993e+01
1.305000000000000071e+01
1.637000000000000099e+01
1.453999999999999915e+01
1.234999999999999964e+01
1.224000000000000021e+01
1.255000000000000071e+01
1.311999999999999922e+01
1.374000000000000021e+01
1.359999999999999964e+01
1.244999999999999929e+01
1.300000000000000000e+01
1.177999999999999936e+01
1.563000000000000078e+01
1.460999999999999943e+01
1.464000000000000057e+01
1.258999999999999986e+01
1.253999999999999915e+01
1.231000000000000050e+01
1.324000000000000021e+01
1.250999999999999979e+01
1.261999999999999922e+01
1.116000000000000014e+01
1.669000000000000128e+01
1.263000000000000078e+01
1.500999999999999979e+01
1.192999999999999972e+01
1.225000000000000000e+01
1.274000000000000021e+01
1.391000000000000014e+01
1.303999999999999915e+01
1.223000000000000043e+01
1.200999999999999979e+01
1.333999999999999986e+01
1.246000000000000085e+01
1.521000000000000085e+01
1.123000000000000043e+01
1.528999999999999915e+01
1.096000000000000085e+01
1.377999999999999936e+01
1.385999999999999943e+01
1.182000000000000028e+01
1.109999999999999964e+01
1.509999999999999964e+01
1.235999999999999943e+01
1.250000000000000000e+01
1.276999999999999957e+01
1.364000000000000057e+01
1.166999999999999993e+01
1.277999999999999936e+01
1.289000000000000057e+01
1.148000000000000043e+01
1.347000000000000064e+01
1.391000000000000014e+01
1.153999999999999915e+01
1.015000000000000036e+01
1.371000000000000085e+01
1.199000000000000021e+01
1.228999999999999915e+01
1.150999999999999979e+01
1.494999999999999929e+01
1.646000000000000085e+01
1.486999999999999922e+01
1.093999999999999950e+01
1.427999999999999936e+01
1.662999999999999901e+01
1.310999999999999943e+01
1.075000000000000000e+01
1.509999999999999964e+01
1.365000000000000036e+01
1.325999999999999979e+01
1.339000000000000057e+01
1.200999999999999979e+01
1.766000000000000014e+01
1.331000000000000050e+01
1.096000000000000085e+01
1.308000000000000007e+01
1.178999999999999915e+01
1.441000000000000014e+01
1.384999999999999964e+01
1.506000000000000050e+01
1.448000000000000043e+01
1.393999999999999950e+01
1.767999999999999972e+01
1.363000000000000078e+01
1.375999999999999979e+01
1.350000000000000000e+01
1.247000000000000064e+01
1.708999999999999986e+01
1.193999999999999950e+01
1.165000000000000036e+01
1.283000000000000007e+01
1.439000000000000057e+01
1.319999999999999929e+01
1.767000000000000171e+01
1.732999999999999829e+01
1.141000000000000014e+01
1.366000000000000014e+01
1.485999999999999943e+01
1.477999999999999936e+01
1.206000000000000050e+01
1.175000000000000000e+01
1.158000000000000007e+01
1.278999999999999915e+01
1.221000000000000085e+01
1.178999999999999915e+01
1.434999999999999964e+01
1.258999999999999986e+01
1.226999999999999957e+01
1.525000000000000000e+01
1.349000000000000021e+01
1.492999999999999972e+01
1.291000000000000014e+01
1.399000000000000021e+01
1.369999999999999929e+01
1.214000000000000057e+01
1.407000000000000028e+01
1.282000000000000028e+01
1.335999999999999943e+01
1.558000000000000007e+01
1.243999999999999950e+01
1.446000000000000085e+01
1.241000000000000014e+01
1.233000000000000007e+01
1.475999999999999979e+01
1.240000000000000036e+01
1.264000000000000057e+01
1.244999999999999929e+01
1.497000000000000064e+01
1.468999999999999950e+01
1.532000000000000028e+01
1.282000000000000028e+01
1.585999999999999943e+01
1.169999999999999929e+01
1.366000000000000014e+01
1.778000000000000114e+01
1.458999999999999986e+01
1.176999999999999957e+01
1.578999999999999915e+01
1.335999999999999943e+01
1.433000000000000007e+01
1.175000000000000000e+01
1.309999999999999964e+01
1.250000000000000000e+01
1.601999999999999957e+01
1.372000000000000064e+01
1.208999999999999986e+01
1.118999999999999950e+01
1.303999999999999915e+01
1.172000000000000064e+01
1.328999999999999915e+01
1.232000000000000028e+01
1.305000000000000071e+01
1.191999999999999993e+01
1.261999999999999922e+01
1.559999999999999964e+01
1.737999999999999901e+01
1.375000000000000000e+01
1.386999999999999922e+01
1.251999999999999957e+01
1.188000000000000078e+01
1.308000000000000007e+01
1.180000000000000071e+01
1.536999999999999922e+01
1.339000000000000057e+01
1.222000000000000064e+01
1.191000000000000014e+01
1.256000000000000050e+01
1.376999999999999957e+01
1.644000000000000128e+01
1.224000000000000021e+01
1.193999999999999950e+01
1.088000000000000078e+01
1.200999999999999979e+01
1.434999999999999964e+01
1.203999999999999915e+01
1.530000000000000071e+01
1.231000000000000050e+01
1.434999999999999964e+01
1.584999999999999964e+01
1.342999999999999972e+01
1.408000000000000007e+01
1.333000000000000007e+01
1.228999999999999915e+01
1.171000000000000085e+01
1.350999999999999979e+01
1.385999999999999943e+01
1.051999999999999957e+01
1.205000000000000071e+01
1.183000000000000007e+01
1.664999999999999858e+01
1.750000000000000000e+01
1.085999999999999943e+01
1.348000000000000043e+01
1.372000000000000064e+01
1.265000000000000036e+01
1.442999999999999972e+01
1.211999999999999922e+01
1.151999999999999957e+01
1.326999999999999957e+01
1.739999999999999858e+01
1.330000000000000071e+01
1.224000000000000021e+01
1.355000000000000071e+01
1.687999999999999901e+01
1.436999999999999922e+01
1.175000000000000000e+01
1.502999999999999936e+01
1.074000000000000021e+01
1.233999999999999986e+01
1.247000000000000064e+01
1.473000000000000043e+01
1.055000000000000071e+01
1.084999999999999964e+01
1.172000000000000064e+01
1.235999999999999943e+01
1.300999999999999979e+01
1.301999999999999957e+01
1.359999999999999964e+01
1.411999999999999922e+01
1.425000000000000000e+01
1.307000000000000028e+01
1.342999999999999972e+01
1.208000000000000007e+01
1.484999999999999964e+01
1.202999999999999936e+01
1.319999999999999929e+01
1.127999999999999936e+01
1.143999999999999950e+01
1.115000000000000036e+01
1.313000000000000078e+01
1.476999999999999957e+01
1.216999999999999993e+01
1.377999999999999936e+01
1.117999999999999972e+01
1.580000000000000071e+01
1.109999999999999964e+01
1.375000000000000000e+01
1.342999999999999972e+01
1.443999999999999950e+01
1.499000000000000021e+01
1.366000000000000014e+01
1.416000000000000014e+01
1.244999999999999929e+01
1.189000000000000057e+01
1.207000000000000028e+01
1.411999999999999922e+01
1.338000000000000078e+01
1.349000000000000021e+01
1.456000000000000050e+01
1.356000000000000050e+01
1.326999999999999957e+01
1.535999999999999943e+01
1.214000000000000057e+01
1.335999999999999943e+01
1.160999999999999943e+01
1.208999999999999986e+01
1.531000000000000050e+01
1.712999999999999901e+01
1.605999999999999872e+01
1.250000000000000000e+01
1.342999999999999972e+01
1.442999999999999972e+01
1.486999999999999922e+01
1.430000000000000071e+01
1.566000000000000014e+01
1.344999999999999929e+01
1.515000000000000036e+01
1.217999999999999972e+01
1.253999999999999915e+01
1.105000000000000071e+01
1.259999999999999964e+01
1.388000000000000078e+01
1.052999999999999936e+01
1.227999999999999936e+01
1.625000000000000000e+01
1.233999999999999986e+01
1.215000000000000036e+01
1.316999999999999993e+01
1.331000000000000050e+01
1.316999999999999993e+01
1.453999999999999915e+01
1.282000000000000028e+01
1.541999999999999993e+01
1.206000000000000050e+01
1.342999999999999972e+01
1.335999999999999943e+01
1.576999999999999957e+01
1.230000000000000071e+01
1.050999999999999979e+01
1.133999999999999986e+01
1.078999999999999915e+01
1.267999999999999972e+01
1.035999999999999943e+01
1.300999999999999979e+01
1.293999999999999950e+01
1.581000000000000050e+01
1.324000000000000021e+01
1.221000000000000085e+01
1.224000000000000021e+01
1.353999999999999915e+01
1.366999999999999993e+01
1.574000000000000021e+01
1.351999999999999957e+01
1.159999999999999964e+01
1.475000000000000000e+01
1.466000000000000014e+01
1.282000000000000028e+01
1.664999999999999858e+01
1.332000000000000028e+01
1.066000000000000014e+01
1.271000000000000085e+01
1.367999999999999972e+01
1.232000000000000028e+01
1.103999999999999915e+01
1.503999999999999915e+01
1.300999999999999979e+01
1.225000000000000000e+01
1.249000000000000021e+01
1.556000000000000050e+01
1.330000000000000071e+01
1.343999999999999950e+01
1.349000000000000021e+01
1.658999999999999986e+01
1.560999999999999943e+01
1.146000000000000085e+01
1.253999999999999915e+01
1.292999999999999972e+01
1.051999999999999957e+01
1.344999999999999929e+01
1.544999999999999929e+01
1.342999999999999972e+01
1.188000000000000078e+01
1.363000000000000078e+01
1.100999999999999979e+01
1.261999999999999922e+01
1.409999999999999964e+01
1.252999999999999936e+01
1.608999999999999986e+01
1.246000000000000085e+01
1.568999999999999950e+01
1.264000000000000057e+01
1.471000000000000085e+01
1.153999999999999915e+01
1.096000000000000085e+01
1.301999999999999957e+01
1.115000000000000036e+01
1.313000000000000078e+01
1.500999999999999979e+01
1.336999999999999922e+01
1.610999999999999943e+01
1.541999999999999993e+01
1.222000000000000064e+01
1.309999999999999964e+01
1.449000000000000021e+01
1.541000000000000014e+01
1.780999999999999872e+01
1.673999999999999844e+01
1.524000000000000021e+01
1.231000000000000050e+01
1.225999999999999979e+01
1.406000000000000050e+01
1.198000000000000043e+01
1.575999999999999979e+01
1.225000000000000000e+01
1.482000000000000028e+01
1.182000000000000028e+01
1.291999999999999993e+01
1.513000000000000078e+01
1.485999999999999943e+01
1.289000000000000057e+01
1.225999999999999979e+01
1.335999999999999943e+01
1.378999999999999915e+01
1.413000000000000078e+01
1.474000000000000021e+01
1.211999999999999922e+01
1.630000000000000071e+01
1.331000000000000050e+01
1.330000000000000071e+01
1.342999999999999972e+01
1.276999999999999957e+01
1.346000000000000085e+01
1.230000000000000071e+01
1.338000000000000078e+01
1.427999999999999936e+01
1.441999999999999993e+01
1.737000000000000099e+01
1.183999999999999986e+01
1.173000000000000043e+01
1.144999999999999929e+01
1.225999999999999979e+01
1.258999999999999986e+01
1.513000000000000078e+01
1.558999999999999986e+01
1.138000000000000078e+01
1.275000000000000000e+01
1.225999999999999979e+01
1.426999999999999957e+01
1.407000000000000028e+01
1.347000000000000064e+01
1.159999999999999964e+01
1.473000000000000043e+01
1.497000000000000064e+01
1.493999999999999950e+01
1.308000000000000007e+01
1.208000000000000007e+01
1.182000000000000028e+01
1.409999999999999964e+01
1.746999999999999886e+01
1.318999999999999950e+01
1.184999999999999964e+01
1.468999999999999950e+01
1.308000000000000007e+01
1.060999999999999943e+01
1.341000000000000014e+01
1.600000000000000000e+01
1.484999999999999964e+01
1.300999999999999979e+01
1.211999999999999922e+01
1.306000000000000050e+01
1.689999999999999858e+01
1.347000000000000064e+01
1.500000000000000000e+01
1.662000000000000099e+01
1.444999999999999929e+01
1.225999999999999979e+01
1.300999999999999979e+01
1.209999999999999964e+01
1.255000000000000071e+01
1.208000000000000007e+01
1.456000000000000050e+01
1.267999999999999972e+01
1.450000000000000000e+01
1.102999999999999936e+01
1.068999999999999950e+01
1.482000000000000028e+01
1.235999999999999943e+01
1.285999999999999943e+01
1.358999999999999986e+01
1.374000000000000021e+01
1.116000000000000014e+01
1.701000000000000156e+01
1.228999999999999915e+01
1.177999999999999936e+01
1.572000000000000064e+01
1.221000000000000085e+01
1.339000000000000057e+01
1.536999999999999922e+01
1.431000000000000050e+01
1.526999999999999957e+01
1.165000000000000036e+01
1.193999999999999950e+01
1.199000000000000021e+01
1.283999999999999986e+01
1.201999999999999957e+01
1.324000000000000021e+01
1.193999999999999950e+01
1.549000000000000021e+01
1.316999999999999993e+01
1.325999999999999979e+01
1.275999999999999979e+01
1.267999999999999972e+01
1.281000000000000050e+01
1.398000000000000043e+01
1.281000000000000050e+01
1.377999999999999936e+01
1.582000000000000028e+01
1.583999999999999986e+01
1.108000000000000007e+01
1.108000000000000007e+01
1.341000000000000014e+01
1.377999999999999936e+01
1.315000000000000036e+01
1.272000000000000064e+01
1.094999999999999929e+01
1.508000000000000007e+01
1.391000000000000014e+01
1.576999999999999957e+01
1.238000000000000078e+01
1.322000000000000064e+01
1.342999999999999972e+01
1.246000000000000085e+01
1.356000000000000050e+01
1.456000000000000050e+01
1.400999999999999979e+01
1.117999999999999972e+01
1.712999999999999901e+01
1.288000000000000078e+01
1.306000000000000050e+01
1.372000000000000064e+01
1.327999999999999936e+01
1.222000000000000064e+01
1.266000000000000014e+01
1.250000000000000000e+01
1.552999999999999936e+01
1.369999999999999929e+01
1.625000000000000000e+01
1.441999999999999993e+01
1.136999999999999922e+01
1.605000000000000071e+01
1.425999999999999979e+01
1.297000000000000064e+01
1.443999999999999950e+01
1.284999999999999964e+01
1.158000000000000007e+01
1.235999999999999943e+01
1.200999999999999979e+01
1.088000000000000078e+01
1.564000000000000057e+01
1.344999999999999929e+01
1.308999999999999986e+01
1.737000000000000099e+01
1.342999999999999972e+01
1.400999999999999979e+01
1.365000000000000036e+01
1.314000000000000057e+01
1.231000000000000050e+01
1.286999999999999922e+01
1.141999999999999993e+01
1.617999999999999972e+01
1.143999999999999950e+01
1.402999999999999936e+01
1.303999999999999915e+01
1.311999999999999922e+01
1.278999999999999915e+01
1.298000000000000043e+01
1.391000000000000014e+01
1.436999999999999922e+01
1.433999999999999986e+01
1.409999999999999964e+01
1.258000000000000007e+01
1.573000000000000043e+01
1.160999999999999943e+01
1.766000000000000014e+01
1.274000000000000021e+01
1.280000000000000071e+01
1.458000000000000007e+01
1.361999999999999922e+01
1.291000000000000014e+01
1.143999999999999950e+01
1.358999999999999986e+01
1.161999999999999922e+01
1.218999999999999950e+01
1.349000000000000021e+01
1.177999999999999936e+01
1.386999999999999922e+01
1.064000000000000057e+01
1.199000000000000021e+01
1.705999999999999872e+01
1.472000000000000064e+01
1.239000000000000057e+01
1.348000000000000043e+01
1.094999999999999929e+01
1.275999999999999979e+01
1.234999999999999964e+01
1.193999999999999950e+01
1.201999999999999957e+01
1.235999999999999943e+01
1.335999999999999943e+01
1.216999999999999993e+01
1.041999999999999993e+01
1.342999999999999972e+01
1.213000000000000078e+01
1.380000000000000071e+01
1.773000000000000043e+01
1.360999999999999943e+01
1.309999999999999964e+01
1.350000000000000000e+01
1.234999999999999964e+01
1.336999999999999922e+01
1.375000000000000000e+01
1.191000000000000014e+01
1.452999999999999936e+01
1.108999999999999986e+01
1.272000000000000064e+01
1.099000000000000021e+01
1.516000000000000014e+01
1.232000000000000028e+01
1.385999999999999943e+01
1.482000000000000028e+01
1.349000000000000021e+01
1.191000000000000014e+01
1.257000000000000028e+01
1.444999999999999929e+01
1.205000000000000071e+01
1.199000000000000021e+01
1.284999999999999964e+01
1.199000000000000021e+01
1.169999999999999929e+01
1.583999999999999986e+01
1.378999999999999915e+01
1.515000000000000036e+01
1.559999999999999964e+01
1.275000000000000000e+01
1.680000000000000071e+01
1.324000000000000021e+01
1.247000000000000064e+01
1.243999999999999950e+01
1.438000000000000078e+01
1.081000000000000050e+01
1.378999999999999915e+01
1.556000000000000050e+01
1.535999999999999943e+01
1.717999999999999972e+01
1.418999999999999950e+01
1.090000000000000036e+01
1.256000000000000050e+01
1.235999999999999943e+01
1.268999999999999950e+01
1.581000000000000050e+01
1.506000000000000050e+01
1.158000000000000007e+01
1.164000000000000057e+01
1.271000000000000085e+01
1.259999999999999964e+01
1.219999999999999929e+01
1.194999999999999929e+01
1.466999999999999993e+01
1.080000000000000071e+01
1.225999999999999979e+01
1.193999999999999950e+01
1.283999999999999986e+01
1.241999999999999993e+01
1.259999999999999964e+01
1.530000000000000071e+01
1.088000000000000078e+01
1.225000000000000000e+01
1.369999999999999929e+01
1.322000000000000064e+01
1.397000000000000064e+01
1.066999999999999993e+01
1.410999999999999943e+01
1.206000000000000050e+01
1.544999999999999929e+01
1.518999999999999950e+01
1.247000000000000064e+01
1.481000000000000050e+01
1.217999999999999972e+01
1.666000000000000014e+01
1.241000000000000014e+01
1.377999999999999936e+01
1.612999999999999901e+01
1.489000000000000057e+01
1.392999999999999972e+01
1.266000000000000014e+01
1.443999999999999950e+01
1.252999999999999936e+01
1.121000000000000085e+01
1.302999999999999936e+01
1.255000000000000071e+01
1.375000000000000000e+01
1.108999999999999986e+01
1.375999999999999979e+01
1.091999999999999993e+01
1.614999999999999858e+01
1.293999999999999950e+01
1.175000000000000000e+01
1.350999999999999979e+01
1.253999999999999915e+01
1.410999999999999943e+01
1.233000000000000007e+01
1.363000000000000078e+01
1.737999999999999901e+01
1.247000000000000064e+01
1.338000000000000078e+01
1.575999999999999979e+01
1.550000000000000000e+01
1.108000000000000007e+01
1.493999999999999950e+01
1.557000000000000028e+01
1.197000000000000064e+01
1.675000000000000000e+01
1.305000000000000071e+01
1.135999999999999943e+01
1.296000000000000085e+01
1.310999999999999943e+01
1.301999999999999957e+01
1.564000000000000057e+01
1.138000000000000078e+01
1.314000000000000057e+01
1.286999999999999922e+01
1.424000000000000021e+01
1.522000000000000064e+01
1.101999999999999957e+01
1.110999999999999943e+01
1.483999999999999986e+01
1.434999999999999964e+01
1.780000000000000071e+01
1.167999999999999972e+01
1.343999999999999950e+01
1.230000000000000071e+01
1.213000000000000078e+01
1.526999999999999957e+01
1.365000000000000036e+01
1.310999999999999943e+01
1.249000000000000021e+01
1.414000000000000057e+01
1.807000000000000028e+01
1.660000000000000142e+01
1.798000000000000043e+01
1.207000000000000028e+01
1.227999999999999936e+01
1.617999999999999972e+01
1.391000000000000014e+01
1.189000000000000057e+01
1.567999999999999972e+01
1.300999999999999979e+01
1.177999999999999936e+01
1.356000000000000050e+01
1.210999999999999943e+01
1.091999999999999993e+01
1.302999999999999936e+01
1.549000000000000021e+01
1.346000000000000085e+01
1.194999999999999929e+01
1.246000000000000085e+01
1.400000000000000000e+01
1.414000000000000057e+01
1.251999999999999957e+01
1.100000000000000000e+01
1.216000000000000014e+01
1.367999999999999972e+01
1.726000000000000156e+01
1.263000000000000078e+01
1.132000000000000028e+01
1.350000000000000000e+01
1.701000000000000156e+01
1.586999999999999922e+01
1.549000000000000021e+01
1.268999999999999950e+01
1.183999999999999986e+01
1.603999999999999915e+01
1.342999999999999972e+01
1.240000000000000036e+01
1.703999999999999915e+01
1.349000000000000021e+01
1.318999999999999950e+01
1.031000000000000050e+01
1.350999999999999979e+01
1.363000000000000078e+01
1.785999999999999943e+01
1.391000000000000014e+01
1.388000000000000078e+01
1.314000000000000057e+01
1.260999999999999943e+01
1.669000000000000128e+01
1.635000000000000142e+01
1.125999999999999979e+01
1.191999999999999993e+01
1.315000000000000036e+01
1.236999999999999922e+01
1.426999999999999957e+01
1.172000000000000064e+01
1.118999999999999950e+01
1.332000000000000028e+01
1.296000000000000085e+01
1.648999999999999844e+01
1.285999999999999943e+01
1.589000000000000057e+01
1.180000000000000071e+01
1.272000000000000064e+01
1.281000000000000050e+01
1.248000000000000043e+01
1.330000000000000071e+01
1.637000000000000099e+01
1.415000000000000036e+01
1.610999999999999943e+01
1.340000000000000036e+01
1.516999999999999993e+01
1.266000000000000014e+01
1.459999999999999964e+01
1.814000000000000057e+01
1.355000000000000071e+01
1.186999999999999922e+01
1.331000000000000050e+01
1.733999999999999986e+01
1.314000000000000057e+01
1.182000000000000028e+01
1.336999999999999922e+01
1.203999999999999915e+01
1.276999999999999957e+01
1.355000000000000071e+01
1.338000000000000078e+01
1.284999999999999964e+01
1.331000000000000050e+01
1.313000000000000078e+01
1.612000000000000099e+01
1.742000000000000171e+01
1.766000000000000014e+01
1.210999999999999943e+01
1.617999999999999972e+01
1.340000000000000036e+01
1.424000000000000021e+01
1.583000000000000007e+01
1.348000000000000043e+01
1.465000000000000036e+01
1.700000000000000000e+01
1.285999999999999943e+01
1.152999999999999936e+01
1.325999999999999979e+01
1.164000000000000057e+01
1.456000000000000050e+01
1.358999999999999986e+01
1.207000000000000028e+01
1.307000000000000028e+01
1.244999999999999929e+01
1.782999999999999829e+01
1.505000000000000071e+01
1.450999999999999979e+01
1.294999999999999929e+01
1.275000000000000000e+01
1.439000000000000057e+01
1.383000000000000007e+01
1.283999999999999986e+01
1.360999999999999943e+01
1.299000000000000021e+01
1.434999999999999964e+01
1.074000000000000021e+01
1.283000000000000007e+01
1.317999999999999972e+01
1.348000000000000043e+01
1.226999999999999957e+01
1.231000000000000050e+01
1.316000000000000014e+01
1.347000000000000064e+01
1.430000000000000071e+01
1.326999999999999957e+01
1.550999999999999979e+01
1.208999999999999986e+01
1.256000000000000050e+01
1.298000000000000043e+01
1.221000000000000085e+01
1.072000000000000064e+01
1.434999999999999964e+01
1.224000000000000021e+01
1.374000000000000021e+01
1.308999999999999986e+01
1.586999999999999922e+01
1.451999999999999957e+01
1.317999999999999972e+01
1.352999999999999936e+01
1.124000000000000021e+01
1.158999999999999986e+01
1.267999999999999972e+01
1.316999999999999993e+01
1.198000000000000043e+01
1.592999999999999972e+01
1.458999999999999986e+01
1.059999999999999964e+01
1.093999999999999950e+01
1.423000000000000043e+01
1.518999999999999950e+01
1.249000000000000021e+01
1.269999999999999929e+01
1.118999999999999950e+01
1.358999999999999986e+01
1.130000000000000071e+01
1.113000000000000078e+01
1.317999999999999972e+01
1.578999999999999915e+01
1.223000000000000043e+01
1.267999999999999972e+01
1.158999999999999986e+01
1.352999999999999936e+01
1.550000000000000000e+01
1.361999999999999922e+01
1.286999999999999922e+01
1.317999999999999972e+01
1.283999999999999986e+01
1.344999999999999929e+01
1.316000000000000014e+01
1.446000000000000085e+01
1.265000000000000036e+01
1.244999999999999929e+01
1.544999999999999929e+01
1.459999999999999964e+01
1.357000000000000028e+01
1.210999999999999943e+01
1.383999999999999986e+01
1.216999999999999993e+01
1.353999999999999915e+01
1.180000000000000071e+01
1.146000000000000085e+01
1.443999999999999950e+01
1.419999999999999929e+01
1.417999999999999972e+01
1.181000000000000050e+01
1.257000000000000028e+01
1.192999999999999972e+01
1.310999999999999943e+01
1.521000000000000085e+01
1.213000000000000078e+01
1.356000000000000050e+01
1.158000000000000007e+01
1.274000000000000021e+01
1.669999999999999929e+01
1.401999999999999957e+01
1.264000000000000057e+01
1.188000000000000078e+01
1.288000000000000078e+01
1.334999999999999964e+01
1.474000000000000021e+01
1.518999999999999950e+01
1.208999999999999986e+01
1.176999999999999957e+01
1.349000000000000021e+01
1.157000000000000028e+01
1.247000000000000064e+01
1.272000000000000064e+01
1.210999999999999943e+01
1.511999999999999922e+01
1.293999999999999950e+01
1.682999999999999829e+01
1.168999999999999950e+01
1.258000000000000007e+01
1.508000000000000007e+01
1.521000000000000085e+01
1.439000000000000057e+01
1.796999999999999886e+01
1.223000000000000043e+01
1.166000000000000014e+01
1.193999999999999950e+01
1.474000000000000021e+01
1.384999999999999964e+01
1.401999999999999957e+01
1.250000000000000000e+01
1.560999999999999943e+01
1.250999999999999979e+01
1.364000000000000057e+01
1.531000000000000050e+01
1.208999999999999986e+01
1.651000000000000156e+01
1.161999999999999922e+01
1.300999999999999979e+01
1.152999999999999936e+01
1.430000000000000071e+01
1.508000000000000007e+01
1.175000000000000000e+01
1.197000000000000064e+01
1.428999999999999915e+01
1.222000000000000064e+01
1.507000000000000028e+01
1.425999999999999979e+01
1.308999999999999986e+01
1.200000000000000000e+01
1.710000000000000142e+01
1.180000000000000071e+01
1.218999999999999950e+01
1.377999999999999936e+01
1.225999999999999979e+01
1.421000000000000085e+01
1.569999999999999929e+01
1.580000000000000071e+01
1.141999999999999993e+01
1.787999999999999901e+01
1.143999999999999950e+01
1.116999999999999993e+01
1.508000000000000007e+01
1.194999999999999929e+01
1.485999999999999943e+01
1.538000000000000078e+01
1.325999999999999979e+01
1.438000000000000078e+01
1.758999999999999986e+01
1.585999999999999943e+01
1.726999999999999957e+01
1.242999999999999972e+01
1.222000000000000064e+01
1.335999999999999943e+01
1.623000000000000043e+01
1.547000000000000064e+01
1.093999999999999950e+01
1.486999999999999922e+01
1.209999999999999964e+01
1.201999999999999957e+01
1.105000000000000071e+01
1.619000000000000128e+01
1.572000000000000064e+01
1.364000000000000057e+01
1.646000000000000085e+01
1.242999999999999972e+01
1.365000000000000036e+01
1.375000000000000000e+01
1.457000000000000028e+01
1.277999999999999936e+01
1.297000000000000064e+01
1.324000000000000021e+01
1.456000000000000050e+01
1.333000000000000007e+01
1.452999999999999936e+01
1.536999999999999922e+01
1.308999999999999986e+01
1.617999999999999972e+01
1.368999999999999950e+01
1.632000000000000028e+01
1.233000000000000007e+01
1.225999999999999979e+01
1.183999999999999986e+01
1.323000000000000043e+01
1.250999999999999979e+01
1.255000000000000071e+01
1.225999999999999979e+01
1.238000000000000078e+01
1.315000000000000036e+01
1.319999999999999929e+01
1.450000000000000000e+01
1.333999999999999986e+01
1.491000000000000014e+01
1.240000000000000036e+01
1.533999999999999986e+01
1.782999999999999829e+01
1.209999999999999964e+01
1.425000000000000000e+01
1.231000000000000050e+01
1.586999999999999922e+01
1.196000000000000085e+01
1.130000000000000071e+01
1.115000000000000036e+01
1.259999999999999964e+01
1.482000000000000028e+01
1.317999999999999972e+01
1.116999999999999993e+01
1.294999999999999929e+01
1.352999999999999936e+01
1.303999999999999915e+01
1.303999999999999915e+01
1.564000000000000057e+01
1.255000000000000071e+01
1.594999999999999929e+01
1.415000000000000036e+01
1.316999999999999993e+01
1.331000000000000050e+01
1.471000000000000085e+01
1.669999999999999929e+01
1.701999999999999957e+01
1.160999999999999943e+01
1.482000000000000028e+01
1.819000000000000128e+01
1.392999999999999972e+01
1.687000000000000099e+01
1.443999999999999950e+01
1.083000000000000007e+01
1.331000000000000050e+01
1.333999999999999986e+01
1.241999999999999993e+01
1.469999999999999929e+01
1.592999999999999972e+01
1.341999999999999993e+01
1.543999999999999950e+01
1.341999999999999993e+01
1.342999999999999972e+01
1.621000000000000085e+01
1.215000000000000036e+01
1.505000000000000071e+01
1.400000000000000000e+01
1.218999999999999950e+01
1.292999999999999972e+01
1.398000000000000043e+01
1.177999999999999936e+01
1.490000000000000036e+01
1.175000000000000000e+01
1.350000000000000000e+01
1.167999999999999972e+01
1.175999999999999979e+01
1.594999999999999929e+01
1.447000000000000064e+01
1.285999999999999943e+01
1.081000000000000050e+01
1.128999999999999915e+01
1.248000000000000043e+01
1.432000000000000028e+01
