1.580000000000000071e+01
1.857999999999999829e+01
1.490000000000000036e+01
1.444999999999999929e+01
1.671000000000000085e+01
1.583999999999999986e+01
1.475999999999999979e+01
1.380000000000000071e+01
1.469999999999999929e+01
1.574000000000000021e+01
1.580000000000000071e+01
1.425999999999999979e+01
1.655999999999999872e+01
1.538000000000000078e+01
1.441000000000000014e+01
1.575999999999999979e+01
1.428999999999999915e+01
1.536999999999999922e+01
1.533999999999999986e+01
1.319999999999999929e+01
1.669000000000000128e+01
1.502999999999999936e+01
1.844999999999999929e+01
1.478999999999999915e+01
1.431000000000000050e+01
1.550999999999999979e+01
1.639999999999999858e+01
1.513000000000000078e+01
1.657999999999999829e+01
1.592999999999999972e+01
1.858999999999999986e+01
1.546000000000000085e+01
1.569999999999999929e+01
1.423000000000000043e+01
1.339000000000000057e+01
1.450999999999999979e+01
1.664000000000000057e+01
1.451999999999999957e+01
1.394999999999999929e+01
1.812999999999999901e+01
1.705999999999999872e+01
1.344999999999999929e+01
1.685000000000000142e+01
1.607999999999999829e+01
1.575000000000000000e+01
1.526999999999999957e+01
1.725000000000000000e+01
1.739000000000000057e+01
1.419999999999999929e+01
1.625000000000000000e+01
1.678000000000000114e+01
1.671000000000000085e+01
1.464000000000000057e+01
1.614999999999999858e+01
1.463000000000000078e+01
1.805999999999999872e+01
1.468999999999999950e+01
1.526999999999999957e+01
1.513000000000000078e+01
1.773000000000000043e+01
1.406000000000000050e+01
1.733999999999999986e+01
1.402999999999999936e+01
1.442999999999999972e+01
1.436999999999999922e+01
1.375999999999999979e+01
1.358000000000000007e+01
1.687000000000000099e+01
1.651000000000000156e+01
1.655000000000000071e+01
1.549000000000000021e+01
1.569999999999999929e+01
1.342999999999999972e+01
1.518999999999999950e+01
1.637000000000000099e+01
1.862000000000000099e+01
1.586999999999999922e+01
1.494999999999999929e+01
1.544999999999999929e+01
1.538000000000000078e+01
1.810000000000000142e+01
1.639000000000000057e+01
1.533000000000000007e+01
1.453999999999999915e+01
1.641000000000000014e+01
1.449000000000000021e+01
1.632000000000000028e+01
1.597000000000000064e+01
1.355000000000000071e+01
1.358999999999999986e+01
1.486999999999999922e+01
1.648000000000000043e+01
1.601000000000000156e+01
1.626999999999999957e+01
1.341000000000000014e+01
1.399000000000000021e+01
1.623999999999999844e+01
1.648000000000000043e+01
1.580000000000000071e+01
1.555000000000000071e+01
1.612999999999999901e+01
1.696999999999999886e+01
1.598000000000000043e+01
1.610000000000000142e+01
1.687999999999999901e+01
1.560999999999999943e+01
1.623000000000000043e+01
1.425999999999999979e+01
1.530000000000000071e+01
1.574000000000000021e+01
1.555000000000000071e+01
1.575000000000000000e+01
1.617999999999999972e+01
1.599000000000000021e+01
1.591000000000000014e+01
1.474000000000000021e+01
1.746999999999999886e+01
1.853000000000000114e+01
1.398000000000000043e+01
1.451999999999999957e+01
1.598000000000000043e+01
1.567999999999999972e+01
1.676999999999999957e+01
1.510999999999999943e+01
1.506000000000000050e+01
1.543999999999999950e+01
1.557000000000000028e+01
1.641000000000000014e+01
1.575999999999999979e+01
1.513000000000000078e+01
1.728999999999999915e+01
1.463000000000000078e+01
1.466000000000000014e+01
1.637000000000000099e+01
1.430000000000000071e+01
1.513000000000000078e+01
1.748000000000000043e+01
1.685999999999999943e+01
1.373000000000000043e+01
1.489000000000000057e+01
1.466000000000000014e+01
1.578999999999999915e+01
1.482000000000000028e+01
1.610999999999999943e+01
1.468999999999999950e+01
1.557000000000000028e+01
1.719999999999999929e+01
1.535999999999999943e+01
1.580000000000000071e+01
1.519999999999999929e+01
1.597000000000000064e+01
1.603000000000000114e+01
1.453999999999999915e+01
1.458999999999999986e+01
1.441999999999999993e+01
1.391999999999999993e+01
1.467999999999999972e+01
1.507000000000000028e+01
1.556000000000000050e+01
1.625000000000000000e+01
1.639000000000000057e+01
1.573000000000000043e+01
1.522000000000000064e+01
1.605999999999999872e+01
1.471000000000000085e+01
1.646000000000000085e+01
1.503999999999999915e+01
1.456000000000000050e+01
1.549000000000000021e+01
1.555000000000000071e+01
1.477999999999999936e+01
1.855999999999999872e+01
1.653999999999999915e+01
1.767000000000000171e+01
1.558999999999999986e+01
1.431000000000000050e+01
1.458000000000000007e+01
1.416000000000000014e+01
1.607000000000000028e+01
1.469999999999999929e+01
1.538000000000000078e+01
1.858999999999999986e+01
1.682000000000000028e+01
1.623999999999999844e+01
1.331000000000000050e+01
1.500000000000000000e+01
1.481000000000000050e+01
1.453999999999999915e+01
1.889000000000000057e+01
1.433999999999999986e+01
1.427999999999999936e+01
1.346000000000000085e+01
1.413000000000000078e+01
1.527999999999999936e+01
1.563000000000000078e+01
1.569999999999999929e+01
1.675000000000000000e+01
1.700000000000000000e+01
1.464000000000000057e+01
1.424000000000000021e+01
1.410999999999999943e+01
1.583999999999999986e+01
1.505000000000000071e+01
1.667999999999999972e+01
1.398000000000000043e+01
1.596000000000000085e+01
1.522000000000000064e+01
1.584999999999999964e+01
1.655999999999999872e+01
1.549000000000000021e+01
1.483000000000000007e+01
1.571000000000000085e+01
1.508999999999999986e+01
1.500000000000000000e+01
1.508999999999999986e+01
1.485999999999999943e+01
1.566000000000000014e+01
1.553999999999999915e+01
1.588000000000000078e+01
1.450000000000000000e+01
1.550999999999999979e+01
1.603999999999999915e+01
1.433999999999999986e+01
1.603999999999999915e+01
1.626999999999999957e+01
1.458000000000000007e+01
1.577999999999999936e+01
1.473000000000000043e+01
1.438000000000000078e+01
1.419999999999999929e+01
1.496000000000000085e+01
1.621999999999999886e+01
1.466999999999999993e+01
1.449000000000000021e+01
1.392999999999999972e+01
1.885999999999999943e+01
1.430000000000000071e+01
1.548000000000000043e+01
1.418999999999999950e+01
1.639999999999999858e+01
1.343999999999999950e+01
1.536999999999999922e+01
1.633999999999999986e+01
1.510999999999999943e+01
1.564000000000000057e+01
1.331000000000000050e+01
1.581000000000000050e+01
1.390000000000000036e+01
1.374000000000000021e+01
1.612000000000000099e+01
1.557000000000000028e+01
1.594999999999999929e+01
1.467999999999999972e+01
1.810999999999999943e+01
1.523000000000000043e+01
1.551999999999999957e+01
1.464000000000000057e+01
1.586999999999999922e+01
1.518999999999999950e+01
1.486999999999999922e+01
1.499000000000000021e+01
1.742000000000000171e+01
1.543999999999999950e+01
1.682000000000000028e+01
1.580000000000000071e+01
1.375000000000000000e+01
1.516999999999999993e+01
1.483999999999999986e+01
1.521000000000000085e+01
1.448000000000000043e+01
1.313000000000000078e+01
1.758999999999999986e+01
1.646999999999999886e+01
1.594999999999999929e+01
1.486999999999999922e+01
1.599000000000000021e+01
1.561999999999999922e+01
1.521000000000000085e+01
1.433999999999999986e+01
1.564000000000000057e+01
1.572000000000000064e+01
1.671999999999999886e+01
1.676000000000000156e+01
1.366999999999999993e+01
1.778000000000000114e+01
1.655999999999999872e+01
1.526999999999999957e+01
1.760999999999999943e+01
1.535999999999999943e+01
1.465000000000000036e+01
1.426999999999999957e+01
1.339000000000000057e+01
1.513000000000000078e+01
1.458000000000000007e+01
1.735999999999999943e+01
1.525999999999999979e+01
1.339000000000000057e+01
1.660999999999999943e+01
1.544999999999999929e+01
1.773999999999999844e+01
1.798999999999999844e+01
1.483000000000000007e+01
1.376999999999999957e+01
1.523000000000000043e+01
1.433000000000000007e+01
1.423000000000000043e+01
1.559999999999999964e+01
1.393999999999999950e+01
1.676000000000000156e+01
1.532000000000000028e+01
1.819000000000000128e+01
1.725000000000000000e+01
1.726999999999999957e+01
1.465000000000000036e+01
1.477999999999999936e+01
1.365000000000000036e+01
1.614999999999999858e+01
1.448000000000000043e+01
1.568999999999999950e+01
1.614000000000000057e+01
1.425000000000000000e+01
1.691000000000000014e+01
1.511999999999999922e+01
1.343999999999999950e+01
1.450999999999999979e+01
1.655000000000000071e+01
1.550999999999999979e+01
1.550000000000000000e+01
1.558000000000000007e+01
1.460999999999999943e+01
1.619000000000000128e+01
1.833999999999999986e+01
1.573000000000000043e+01
1.600000000000000000e+01
1.376999999999999957e+01
1.873000000000000043e+01
1.678999999999999915e+01
1.484999999999999964e+01
1.619999999999999929e+01
1.885000000000000142e+01
1.536999999999999922e+01
1.605000000000000071e+01
1.860000000000000142e+01
1.432000000000000028e+01
1.409999999999999964e+01
1.608999999999999986e+01
1.628000000000000114e+01
1.350999999999999979e+01
1.475000000000000000e+01
1.568999999999999950e+01
1.593999999999999950e+01
1.519999999999999929e+01
1.506000000000000050e+01
1.655000000000000071e+01
1.603999999999999915e+01
1.894999999999999929e+01
1.439000000000000057e+01
1.574000000000000021e+01
1.465000000000000036e+01
1.680999999999999872e+01
1.374000000000000021e+01
1.334999999999999964e+01
1.844000000000000128e+01
1.687000000000000099e+01
1.685000000000000142e+01
1.577999999999999936e+01
1.482000000000000028e+01
1.506000000000000050e+01
1.814999999999999858e+01
1.477999999999999936e+01
1.516000000000000014e+01
1.864999999999999858e+01
1.363000000000000078e+01
1.685000000000000142e+01
1.549000000000000021e+01
1.481000000000000050e+01
1.568999999999999950e+01
1.566000000000000014e+01
1.386999999999999922e+01
1.477999999999999936e+01
1.892000000000000171e+01
1.635000000000000142e+01
1.484999999999999964e+01
1.700000000000000000e+01
1.524000000000000021e+01
1.633999999999999986e+01
1.559999999999999964e+01
1.550000000000000000e+01
1.540000000000000036e+01
1.566999999999999993e+01
1.536999999999999922e+01
1.775000000000000000e+01
1.792999999999999972e+01
1.669000000000000128e+01
1.488000000000000078e+01
1.316000000000000014e+01
1.726000000000000156e+01
1.409999999999999964e+01
1.623999999999999844e+01
1.710000000000000142e+01
1.744999999999999929e+01
1.561999999999999922e+01
1.465000000000000036e+01
1.556000000000000050e+01
1.605000000000000071e+01
1.541999999999999993e+01
1.671999999999999886e+01
1.498000000000000043e+01
1.452999999999999936e+01
1.778999999999999915e+01
1.481000000000000050e+01
1.394999999999999929e+01
1.564000000000000057e+01
1.510999999999999943e+01
1.421000000000000085e+01
1.500000000000000000e+01
1.393999999999999950e+01
1.648999999999999844e+01
1.591000000000000014e+01
1.775000000000000000e+01
1.605999999999999872e+01
1.491999999999999993e+01
1.468999999999999950e+01
1.601999999999999957e+01
1.530000000000000071e+01
1.692000000000000171e+01
1.414000000000000057e+01
1.641000000000000014e+01
1.408999999999999986e+01
1.633999999999999986e+01
1.660000000000000142e+01
1.569999999999999929e+01
1.621999999999999886e+01
1.505000000000000071e+01
1.542999999999999972e+01
1.692999999999999972e+01
1.657000000000000028e+01
1.508000000000000007e+01
1.805999999999999872e+01
1.626999999999999957e+01
1.498000000000000043e+01
1.463000000000000078e+01
1.567999999999999972e+01
1.651000000000000156e+01
1.696000000000000085e+01
1.411999999999999922e+01
1.607000000000000028e+01
1.580000000000000071e+01
1.803000000000000114e+01
1.714999999999999858e+01
1.444999999999999929e+01
1.732999999999999829e+01
1.662000000000000099e+01
1.648999999999999844e+01
1.746000000000000085e+01
1.619999999999999929e+01
1.583999999999999986e+01
1.796999999999999886e+01
1.508999999999999986e+01
1.398000000000000043e+01
1.751000000000000156e+01
1.466999999999999993e+01
1.452999999999999936e+01
1.508999999999999986e+01
1.867000000000000171e+01
1.402999999999999936e+01
1.480000000000000071e+01
1.336999999999999922e+01
1.455000000000000071e+01
1.478999999999999915e+01
1.535999999999999943e+01
1.531000000000000050e+01
1.472000000000000064e+01
1.553999999999999915e+01
1.646999999999999886e+01
1.730000000000000071e+01
1.565000000000000036e+01
1.558999999999999986e+01
1.465000000000000036e+01
1.491999999999999993e+01
1.418999999999999950e+01
1.532000000000000028e+01
1.511999999999999922e+01
1.503999999999999915e+01
1.650000000000000000e+01
1.531000000000000050e+01
1.506000000000000050e+01
1.417999999999999972e+01
1.514000000000000057e+01
1.500999999999999979e+01
1.543999999999999950e+01
1.751999999999999957e+01
1.844999999999999929e+01
1.580000000000000071e+01
1.440000000000000036e+01
1.431000000000000050e+01
1.438000000000000078e+01
1.565000000000000036e+01
1.605000000000000071e+01
1.581000000000000050e+01
1.744000000000000128e+01
1.850000000000000000e+01
1.372000000000000064e+01
1.621999999999999886e+01
1.810000000000000142e+01
1.590000000000000036e+01
1.666000000000000014e+01
1.646000000000000085e+01
1.575000000000000000e+01
1.475999999999999979e+01
1.896999999999999886e+01
1.538000000000000078e+01
1.484999999999999964e+01
1.360999999999999943e+01
1.432000000000000028e+01
1.687000000000000099e+01
1.583000000000000007e+01
1.394999999999999929e+01
1.644999999999999929e+01
1.444999999999999929e+01
1.767000000000000171e+01
1.441000000000000014e+01
1.544999999999999929e+01
1.394999999999999929e+01
1.535999999999999943e+01
1.828999999999999915e+01
1.551999999999999957e+01
1.514000000000000057e+01
1.485999999999999943e+01
1.730000000000000071e+01
1.324000000000000021e+01
1.473000000000000043e+01
1.603999999999999915e+01
1.566999999999999993e+01
1.758999999999999986e+01
1.708999999999999986e+01
1.514000000000000057e+01
1.648000000000000043e+01
1.737000000000000099e+01
1.558999999999999986e+01
1.521000000000000085e+01
1.494999999999999929e+01
1.485999999999999943e+01
1.543999999999999950e+01
1.694000000000000128e+01
1.406000000000000050e+01
1.415000000000000036e+01
1.792000000000000171e+01
1.400000000000000000e+01
1.550000000000000000e+01
1.614000000000000057e+01
1.466999999999999993e+01
1.575000000000000000e+01
1.728999999999999915e+01
1.448000000000000043e+01
1.626000000000000156e+01
1.621000000000000085e+01
1.340000000000000036e+01
1.592999999999999972e+01
1.350000000000000000e+01
1.388000000000000078e+01
1.472000000000000064e+01
1.546000000000000085e+01
1.433000000000000007e+01
1.464000000000000057e+01
1.791000000000000014e+01
1.673999999999999844e+01
1.488000000000000078e+01
1.557000000000000028e+01
1.642000000000000171e+01
1.468999999999999950e+01
1.566999999999999993e+01
1.542999999999999972e+01
1.403999999999999915e+01
1.871000000000000085e+01
1.826000000000000156e+01
1.521000000000000085e+01
1.440000000000000036e+01
1.762000000000000099e+01
1.614999999999999858e+01
1.603999999999999915e+01
1.581000000000000050e+01
1.625000000000000000e+01
1.535999999999999943e+01
1.419999999999999929e+01
1.401999999999999957e+01
1.891000000000000014e+01
1.584999999999999964e+01
1.574000000000000021e+01
1.616000000000000014e+01
1.578999999999999915e+01
1.508000000000000007e+01
1.800000000000000000e+01
1.465000000000000036e+01
1.464000000000000057e+01
1.466000000000000014e+01
1.403999999999999915e+01
1.698999999999999844e+01
1.547000000000000064e+01
1.484999999999999964e+01
1.580000000000000071e+01
1.655000000000000071e+01
1.428999999999999915e+01
1.778000000000000114e+01
1.447000000000000064e+01
1.560999999999999943e+01
1.666000000000000014e+01
1.574000000000000021e+01
1.543999999999999950e+01
1.550999999999999979e+01
1.655000000000000071e+01
1.457000000000000028e+01
1.750000000000000000e+01
1.664000000000000057e+01
1.401999999999999957e+01
1.543999999999999950e+01
1.541000000000000014e+01
1.393999999999999950e+01
1.687999999999999901e+01
1.461999999999999922e+01
1.533000000000000007e+01
1.498000000000000043e+01
1.841000000000000014e+01
1.590000000000000036e+01
1.532000000000000028e+01
1.758999999999999986e+01
1.481000000000000050e+01
1.646999999999999886e+01
1.698999999999999844e+01
1.540000000000000036e+01
1.391000000000000014e+01
1.896999999999999886e+01
1.588000000000000078e+01
1.694000000000000128e+01
1.558999999999999986e+01
1.837999999999999901e+01
1.473000000000000043e+01
1.499000000000000021e+01
1.339000000000000057e+01
1.573000000000000043e+01
1.591999999999999993e+01
1.805000000000000071e+01
1.542999999999999972e+01
1.530000000000000071e+01
1.501999999999999957e+01
1.481000000000000050e+01
1.535999999999999943e+01
1.598000000000000043e+01
1.642000000000000171e+01
1.483999999999999986e+01
1.526999999999999957e+01
1.539000000000000057e+01
1.532000000000000028e+01
1.566999999999999993e+01
1.628999999999999915e+01
1.580000000000000071e+01
1.463000000000000078e+01
1.766000000000000014e+01
1.484999999999999964e+01
1.382000000000000028e+01
1.600000000000000000e+01
1.515000000000000036e+01
1.880000000000000071e+01
1.435999999999999943e+01
1.676999999999999957e+01
1.848000000000000043e+01
1.507000000000000028e+01
1.530000000000000071e+01
1.889999999999999858e+01
1.436999999999999922e+01
1.508000000000000007e+01
1.453999999999999915e+01
1.839999999999999858e+01
1.619999999999999929e+01
1.552999999999999936e+01
1.533000000000000007e+01
1.539000000000000057e+01
1.625000000000000000e+01
1.680999999999999872e+01
1.835000000000000142e+01
1.511999999999999922e+01
1.478999999999999915e+01
1.603000000000000114e+01
1.561999999999999922e+01
1.812999999999999901e+01
1.335999999999999943e+01
1.494999999999999929e+01
1.557000000000000028e+01
1.516999999999999993e+01
1.483000000000000007e+01
1.517999999999999972e+01
1.527999999999999936e+01
1.543999999999999950e+01
1.830999999999999872e+01
1.894000000000000128e+01
1.410999999999999943e+01
1.896999999999999886e+01
1.409999999999999964e+01
1.569999999999999929e+01
1.717999999999999972e+01
1.505000000000000071e+01
1.626000000000000156e+01
1.483000000000000007e+01
1.425000000000000000e+01
1.509999999999999964e+01
1.481000000000000050e+01
1.500999999999999979e+01
1.428999999999999915e+01
1.338000000000000078e+01
1.541000000000000014e+01
1.466000000000000014e+01
1.425000000000000000e+01
1.508000000000000007e+01
1.347000000000000064e+01
1.864000000000000057e+01
1.538000000000000078e+01
1.421000000000000085e+01
1.425999999999999979e+01
1.584999999999999964e+01
1.558000000000000007e+01
1.564000000000000057e+01
1.812999999999999901e+01
1.340000000000000036e+01
1.458000000000000007e+01
1.741000000000000014e+01
1.375000000000000000e+01
1.505000000000000071e+01
1.513000000000000078e+01
1.477999999999999936e+01
1.511999999999999922e+01
1.855000000000000071e+01
1.493999999999999950e+01
1.507000000000000028e+01
1.441999999999999993e+01
1.698999999999999844e+01
1.712000000000000099e+01
1.556000000000000050e+01
1.493999999999999950e+01
1.701000000000000156e+01
1.687999999999999901e+01
1.441000000000000014e+01
1.662000000000000099e+01
1.480000000000000071e+01
1.486999999999999922e+01
1.598000000000000043e+01
1.817000000000000171e+01
1.401999999999999957e+01
1.383000000000000007e+01
1.862000000000000099e+01
1.357000000000000028e+01
1.717000000000000171e+01
1.660000000000000142e+01
1.434999999999999964e+01
1.534999999999999964e+01
1.448000000000000043e+01
1.444999999999999929e+01
1.442999999999999972e+01
1.513000000000000078e+01
1.552999999999999936e+01
1.689999999999999858e+01
1.517999999999999972e+01
1.519999999999999929e+01
1.472000000000000064e+01
1.522000000000000064e+01
1.664999999999999858e+01
1.705000000000000071e+01
1.776000000000000156e+01
1.526999999999999957e+01
1.698999999999999844e+01
1.567999999999999972e+01
1.475999999999999979e+01
1.728000000000000114e+01
1.425999999999999979e+01
1.630000000000000071e+01
1.607999999999999829e+01
1.403999999999999915e+01
1.468999999999999950e+01
1.810000000000000142e+01
1.572000000000000064e+01
1.567999999999999972e+01
1.633999999999999986e+01
1.532000000000000028e+01
1.607999999999999829e+01
1.680000000000000071e+01
1.516999999999999993e+01
1.628000000000000114e+01
1.548000000000000043e+01
1.576999999999999957e+01
1.505000000000000071e+01
1.457000000000000028e+01
1.694999999999999929e+01
1.391000000000000014e+01
1.476999999999999957e+01
1.481000000000000050e+01
1.605000000000000071e+01
1.590000000000000036e+01
1.550999999999999979e+01
1.826000000000000156e+01
1.539000000000000057e+01
1.357000000000000028e+01
1.628999999999999915e+01
1.551999999999999957e+01
1.632000000000000028e+01
1.585999999999999943e+01
1.810000000000000142e+01
1.764999999999999858e+01
1.591000000000000014e+01
1.682000000000000028e+01
1.641000000000000014e+01
1.313000000000000078e+01
1.568999999999999950e+01
1.361999999999999922e+01
1.682000000000000028e+01
1.603000000000000114e+01
1.757000000000000028e+01
1.808999999999999986e+01
1.424000000000000021e+01
1.639000000000000057e+01
1.477999999999999936e+01
1.698999999999999844e+01
1.463000000000000078e+01
1.485999999999999943e+01
1.561999999999999922e+01
1.660999999999999943e+01
1.573000000000000043e+01
1.530000000000000071e+01
1.321000000000000085e+01
1.716000000000000014e+01
1.855000000000000071e+01
1.568999999999999950e+01
1.723999999999999844e+01
1.568999999999999950e+01
1.540000000000000036e+01
1.447000000000000064e+01
1.489000000000000057e+01
1.364000000000000057e+01
1.489000000000000057e+01
1.605999999999999872e+01
1.566000000000000014e+01
1.548000000000000043e+01
1.491000000000000014e+01
1.591999999999999993e+01
1.889999999999999858e+01
1.572000000000000064e+01
1.482000000000000028e+01
1.514000000000000057e+01
1.415000000000000036e+01
1.650000000000000000e+01
1.451999999999999957e+01
1.671000000000000085e+01
1.593999999999999950e+01
1.477999999999999936e+01
1.596000000000000085e+01
1.464000000000000057e+01
1.651000000000000156e+01
1.457000000000000028e+01
1.513000000000000078e+01
1.764999999999999858e+01
1.617999999999999972e+01
1.828999999999999915e+01
1.489000000000000057e+01
1.808999999999999986e+01
1.468999999999999950e+01
1.476999999999999957e+01
1.383999999999999986e+01
1.519999999999999929e+01
1.598000000000000043e+01
1.419999999999999929e+01
1.583000000000000007e+01
1.626999999999999957e+01
1.498000000000000043e+01
1.596000000000000085e+01
1.657999999999999829e+01
1.368999999999999950e+01
1.518999999999999950e+01
1.739000000000000057e+01
1.583000000000000007e+01
1.735999999999999943e+01
1.853000000000000114e+01
1.483000000000000007e+01
1.858999999999999986e+01
1.527999999999999936e+01
1.700000000000000000e+01
1.360999999999999943e+01
1.651000000000000156e+01
1.650000000000000000e+01
1.376999999999999957e+01
1.601999999999999957e+01
1.823000000000000043e+01
1.557000000000000028e+01
1.565000000000000036e+01
1.461999999999999922e+01
1.708999999999999986e+01
1.410999999999999943e+01
1.853000000000000114e+01
1.751000000000000156e+01
1.584999999999999964e+01
1.616000000000000014e+01
1.542999999999999972e+01
1.721999999999999886e+01
1.435999999999999943e+01
1.628000000000000114e+01
1.522000000000000064e+01
1.700000000000000000e+01
1.577999999999999936e+01
1.525000000000000000e+01
1.714999999999999858e+01
1.896000000000000085e+01
1.456000000000000050e+01
1.735999999999999943e+01
1.503999999999999915e+01
1.494999999999999929e+01
1.414000000000000057e+01
1.448000000000000043e+01
1.518999999999999950e+01
1.457000000000000028e+01
1.601000000000000156e+01
1.626000000000000156e+01
1.610999999999999943e+01
1.600000000000000000e+01
1.728000000000000114e+01
1.621999999999999886e+01
1.676000000000000156e+01
1.805000000000000071e+01
1.617000000000000171e+01
1.456000000000000050e+01
1.737999999999999901e+01
1.521000000000000085e+01
1.796999999999999886e+01
1.517999999999999972e+01
1.480000000000000071e+01
1.472000000000000064e+01
1.589000000000000057e+01
1.450000000000000000e+01
1.789000000000000057e+01
1.698999999999999844e+01
1.698999999999999844e+01
1.700000000000000000e+01
1.882000000000000028e+01
1.657000000000000028e+01
1.459999999999999964e+01
1.548000000000000043e+01
1.644999999999999929e+01
1.468999999999999950e+01
1.400999999999999979e+01
1.785000000000000142e+01
1.511999999999999922e+01
1.744000000000000128e+01
1.639000000000000057e+01
1.769000000000000128e+01
1.553999999999999915e+01
1.648999999999999844e+01
1.409999999999999964e+01
1.575999999999999979e+01
1.408999999999999986e+01
1.534999999999999964e+01
1.875000000000000000e+01
1.475999999999999979e+01
1.505000000000000071e+01
1.601999999999999957e+01
1.466999999999999993e+01
1.488000000000000078e+01
1.594999999999999929e+01
1.460999999999999943e+01
1.515000000000000036e+01
1.601999999999999957e+01
1.508000000000000007e+01
1.550000000000000000e+01
1.551999999999999957e+01
1.601999999999999957e+01
1.582000000000000028e+01
1.366000000000000014e+01
1.535999999999999943e+01
1.568999999999999950e+01
1.673000000000000043e+01
1.338000000000000078e+01
1.612000000000000099e+01
1.605000000000000071e+01
1.481000000000000050e+01
1.748000000000000043e+01
1.683999999999999986e+01
1.496000000000000085e+01
1.716000000000000014e+01
1.630000000000000071e+01
1.323000000000000043e+01
1.550000000000000000e+01
1.639999999999999858e+01
1.468999999999999950e+01
1.574000000000000021e+01
1.721000000000000085e+01
1.646999999999999886e+01
1.687000000000000099e+01
1.533000000000000007e+01
1.402999999999999936e+01
1.363000000000000078e+01
1.558000000000000007e+01
1.894000000000000128e+01
1.648999999999999844e+01
1.894000000000000128e+01
1.532000000000000028e+01
1.466999999999999993e+01
1.571000000000000085e+01
1.499000000000000021e+01
1.451999999999999957e+01
1.365000000000000036e+01
1.583999999999999986e+01
1.662000000000000099e+01
1.514000000000000057e+01
1.682999999999999829e+01
1.775000000000000000e+01
1.376999999999999957e+01
1.582000000000000028e+01
1.466999999999999993e+01
1.531000000000000050e+01
1.347000000000000064e+01
1.564000000000000057e+01
1.416000000000000014e+01
1.573000000000000043e+01
1.605000000000000071e+01
1.630999999999999872e+01
1.730000000000000071e+01
1.648000000000000043e+01
1.655999999999999872e+01
1.352999999999999936e+01
1.393999999999999950e+01
1.461999999999999922e+01
1.565000000000000036e+01
1.646999999999999886e+01
1.571000000000000085e+01
1.644000000000000128e+01
1.678999999999999915e+01
1.407000000000000028e+01
1.433999999999999986e+01
1.413000000000000078e+01
1.426999999999999957e+01
1.575000000000000000e+01
1.603000000000000114e+01
1.873000000000000043e+01
1.558999999999999986e+01
1.535999999999999943e+01
1.505000000000000071e+01
1.491999999999999993e+01
1.558000000000000007e+01
1.490000000000000036e+01
1.582000000000000028e+01
1.538000000000000078e+01
1.430000000000000071e+01
1.696999999999999886e+01
1.584999999999999964e+01
1.648999999999999844e+01
1.839999999999999858e+01
1.500000000000000000e+01
1.418999999999999950e+01
1.607000000000000028e+01
1.698999999999999844e+01
1.466000000000000014e+01
1.800000000000000000e+01
1.519999999999999929e+01
1.325999999999999979e+01
1.422000000000000064e+01
1.483000000000000007e+01
1.860999999999999943e+01
1.682999999999999829e+01
1.660999999999999943e+01
1.662000000000000099e+01
1.876000000000000156e+01
1.540000000000000036e+01
1.588000000000000078e+01
1.506000000000000050e+01
1.901999999999999957e+01
1.678000000000000114e+01
1.764999999999999858e+01
1.807999999999999829e+01
1.475999999999999979e+01
1.687000000000000099e+01
1.503999999999999915e+01
1.660000000000000142e+01
1.482000000000000028e+01
1.461999999999999922e+01
1.753999999999999915e+01
1.596000000000000085e+01
1.524000000000000021e+01
1.513000000000000078e+01
1.430000000000000071e+01
1.525999999999999979e+01
1.353999999999999915e+01
1.591000000000000014e+01
1.352999999999999936e+01
1.400000000000000000e+01
1.630999999999999872e+01
1.541000000000000014e+01
1.426999999999999957e+01
1.474000000000000021e+01
1.582000000000000028e+01
1.539000000000000057e+01
1.586999999999999922e+01
1.475999999999999979e+01
1.450999999999999979e+01
1.678000000000000114e+01
1.465000000000000036e+01
1.377999999999999936e+01
1.431000000000000050e+01
1.474000000000000021e+01
1.812000000000000099e+01
1.586999999999999922e+01
1.675000000000000000e+01
1.467999999999999972e+01
1.603999999999999915e+01
1.735000000000000142e+01
1.710999999999999943e+01
1.353999999999999915e+01
1.374000000000000021e+01
1.480000000000000071e+01
1.662999999999999901e+01
1.377999999999999936e+01
1.373000000000000043e+01
1.714999999999999858e+01
1.515000000000000036e+01
1.418999999999999950e+01
1.614000000000000057e+01
1.331000000000000050e+01
1.616000000000000014e+01
1.342999999999999972e+01
1.539000000000000057e+01
1.812000000000000099e+01
1.517999999999999972e+01
1.575000000000000000e+01
1.583999999999999986e+01
1.719999999999999929e+01
1.500000000000000000e+01
1.416999999999999993e+01
1.825000000000000000e+01
1.569999999999999929e+01
1.410999999999999943e+01
1.853000000000000114e+01
1.675000000000000000e+01
1.458999999999999986e+01
1.448000000000000043e+01
1.642000000000000171e+01
1.651000000000000156e+01
1.527999999999999936e+01
1.698999999999999844e+01
1.465000000000000036e+01
1.493999999999999950e+01
1.585999999999999943e+01
1.612000000000000099e+01
1.671000000000000085e+01
1.433000000000000007e+01
1.433999999999999986e+01
1.480000000000000071e+01
1.533999999999999986e+01
1.805000000000000071e+01
1.621000000000000085e+01
1.480000000000000071e+01
1.676999999999999957e+01
1.568999999999999950e+01
1.682000000000000028e+01
1.584999999999999964e+01
1.708999999999999986e+01
1.630999999999999872e+01
1.810000000000000142e+01
1.898999999999999844e+01
1.830999999999999872e+01
1.565000000000000036e+01
1.592999999999999972e+01
1.465000000000000036e+01
1.502999999999999936e+01
1.600000000000000000e+01
1.694000000000000128e+01
1.474000000000000021e+01
1.358000000000000007e+01
1.475000000000000000e+01
1.425000000000000000e+01
1.819000000000000128e+01
1.728000000000000114e+01
1.581000000000000050e+01
1.555000000000000071e+01
1.626999999999999957e+01
1.501999999999999957e+01
1.701000000000000156e+01
1.451999999999999957e+01
1.544999999999999929e+01
1.513000000000000078e+01
1.386999999999999922e+01
1.511999999999999922e+01
1.483000000000000007e+01
1.491999999999999993e+01
1.817999999999999972e+01
1.526999999999999957e+01
1.456000000000000050e+01
1.878999999999999915e+01
1.522000000000000064e+01
1.603000000000000114e+01
1.751999999999999957e+01
1.486999999999999922e+01
1.678000000000000114e+01
1.701999999999999957e+01
1.525000000000000000e+01
1.530000000000000071e+01
1.582000000000000028e+01
1.506000000000000050e+01
1.544999999999999929e+01
1.597000000000000064e+01
1.578999999999999915e+01
1.443999999999999950e+01
1.577999999999999936e+01
1.526999999999999957e+01
1.639999999999999858e+01
1.543999999999999950e+01
1.519999999999999929e+01
1.860999999999999943e+01
1.556000000000000050e+01
1.489000000000000057e+01
1.651999999999999957e+01
1.626999999999999957e+01
1.448000000000000043e+01
1.599000000000000021e+01
1.535999999999999943e+01
1.556000000000000050e+01
1.794000000000000128e+01
1.569999999999999929e+01
1.532000000000000028e+01
1.449000000000000021e+01
1.406000000000000050e+01
1.855999999999999872e+01
1.552999999999999936e+01
1.492999999999999972e+01
1.452999999999999936e+01
1.506000000000000050e+01
1.676000000000000156e+01
1.657000000000000028e+01
1.612000000000000099e+01
1.421000000000000085e+01
1.433000000000000007e+01
1.418999999999999950e+01
1.592999999999999972e+01
1.525999999999999979e+01
1.371000000000000085e+01
1.671000000000000085e+01
1.498000000000000043e+01
1.871999999999999886e+01
1.660000000000000142e+01
1.616000000000000014e+01
1.559999999999999964e+01
1.673999999999999844e+01
1.441999999999999993e+01
1.517999999999999972e+01
1.559999999999999964e+01
1.359999999999999964e+01
1.869000000000000128e+01
1.515000000000000036e+01
1.466000000000000014e+01
1.894000000000000128e+01
1.741000000000000014e+01
1.666000000000000014e+01
1.413000000000000078e+01
1.428999999999999915e+01
1.414000000000000057e+01
1.532000000000000028e+01
1.623999999999999844e+01
1.513000000000000078e+01
1.508000000000000007e+01
1.571000000000000085e+01
1.585999999999999943e+01
1.628000000000000114e+01
1.484999999999999964e+01
1.531000000000000050e+01
1.446000000000000085e+01
1.581000000000000050e+01
1.450999999999999979e+01
1.687000000000000099e+01
1.507000000000000028e+01
1.461999999999999922e+01
1.500999999999999979e+01
1.671999999999999886e+01
1.371000000000000085e+01
1.639999999999999858e+01
1.549000000000000021e+01
1.366000000000000014e+01
1.423000000000000043e+01
1.657999999999999829e+01
1.453999999999999915e+01
1.599000000000000021e+01
1.478999999999999915e+01
1.580000000000000071e+01
1.488000000000000078e+01
1.477999999999999936e+01
1.532000000000000028e+01
1.566999999999999993e+01
1.517999999999999972e+01
1.557000000000000028e+01
1.433000000000000007e+01
1.612999999999999901e+01
1.676999999999999957e+01
1.409999999999999964e+01
1.521000000000000085e+01
1.467999999999999972e+01
1.502999999999999936e+01
1.541000000000000014e+01
1.667999999999999972e+01
1.574000000000000021e+01
1.521000000000000085e+01
1.678999999999999915e+01
1.384999999999999964e+01
1.535999999999999943e+01
1.522000000000000064e+01
1.642000000000000171e+01
1.513000000000000078e+01
1.632999999999999829e+01
1.325999999999999979e+01
1.467999999999999972e+01
1.550999999999999979e+01
1.628000000000000114e+01
1.464000000000000057e+01
1.524000000000000021e+01
1.544999999999999929e+01
1.394999999999999929e+01
1.676999999999999957e+01
1.712000000000000099e+01
1.762999999999999901e+01
1.685999999999999943e+01
1.560999999999999943e+01
1.565000000000000036e+01
1.438000000000000078e+01
1.703000000000000114e+01
1.516000000000000014e+01
1.601000000000000156e+01
1.603000000000000114e+01
1.758999999999999986e+01
1.535999999999999943e+01
1.427999999999999936e+01
1.714000000000000057e+01
1.469999999999999929e+01
1.601000000000000156e+01
1.582000000000000028e+01
1.507000000000000028e+01
1.457000000000000028e+01
